2021-04-12 15:15:26 INFO  Listeners:34 - Test verifyHomePageTitle is executed Succesfully
2021-04-12 15:15:39 INFO  Listeners:34 - Test verifyWebsiteEmail is executed Succesfully
2021-04-12 15:16:50 INFO  Listeners:34 - Test verifyHomePageTitle is executed Succesfully
2021-04-12 15:24:54 INFO  Listeners:31 - Test verifyHomePageTitle is executed Succesfully
2021-04-12 15:27:19 INFO  Listeners:31 - Test verifyHomePageTitle is executed Succesfully
2021-04-12 15:31:21 INFO  Listeners:31 - Test verifyHomePageTitle is executed Succesfully
2021-04-12 15:32:14 INFO  Listeners:31 - Test verifyHomePageTitle is executed Succesfully
2021-04-12 15:32:39 INFO  Listeners:31 - Test clickonLogin is executed Succesfully
2021-04-12 15:34:21 INFO  Listeners:31 - Test verifyHomePageTitle is executed Succesfully
2021-04-12 15:34:47 INFO  Listeners:31 - Test clickonLogin is executed Succesfully
2021-04-12 15:37:23 INFO  Listeners:31 - Test verifyHomePageTitle is executed Succesfully
2021-04-12 15:37:44 INFO  Listeners:31 - Test clickonLogin is executed Succesfully
2021-04-12 15:39:04 INFO  Listeners:31 - Test verifyHomePageTitle is executed Succesfully
2021-04-12 15:39:25 INFO  Listeners:31 - Test clickonLogin is executed Succesfully
2021-04-12 15:40:13 INFO  Listeners:31 - Test verifyHomePageTitle is executed Succesfully
2021-04-12 15:40:34 INFO  Listeners:31 - Test clickonLogin is executed Succesfully
2021-04-12 15:54:45 INFO  Listeners:31 - Test verifyHomePageTitle is executed Succesfully
2021-04-12 15:55:05 INFO  Listeners:31 - Test clickonLogin is executed Succesfully
2021-04-12 15:58:35 INFO  Listeners:31 - Test verifyHomePageTitle is executed Succesfully
2021-04-12 15:58:50 INFO  Listeners:31 - Test verifyWebsiteEmail is executed Succesfully
2021-04-12 15:59:08 INFO  Listeners:31 - Test clickonLogin is executed Succesfully
2021-04-12 16:00:12 INFO  Listeners:31 - Test verifyHomePageTitle is executed Succesfully
2021-04-12 16:00:13 INFO  Listeners:31 - Test verifyWebsiteEmail is executed Succesfully
2021-04-12 16:00:20 INFO  Listeners:31 - Test clickonLogin is executed Succesfully
2021-04-12 16:01:16 INFO  Listeners:31 - Test verifyHomePageTitle is executed Succesfully
2021-04-12 16:01:18 INFO  Listeners:31 - Test verifyWebsiteEmail is executed Succesfully
2021-04-12 16:01:24 INFO  Listeners:31 - Test clickonLogin is executed Succesfully
2021-04-12 16:01:50 INFO  Listeners:31 - Test excelLogin is executed Succesfully
2021-04-12 16:02:09 INFO  Listeners:31 - Test excelLogin is executed Succesfully
2021-04-12 16:02:55 INFO  Listeners:31 - Test verifyHomePageTitle is executed Succesfully
2021-04-12 16:02:57 INFO  Listeners:31 - Test verifyWebsiteEmail is executed Succesfully
2021-04-12 16:03:03 INFO  Listeners:31 - Test clickonLogin is executed Succesfully
2021-04-12 16:03:23 INFO  Listeners:31 - Test excelLogin is executed Succesfully
2021-04-12 16:03:42 INFO  Listeners:31 - Test excelLogin is executed Succesfully
2021-04-12 16:06:42 INFO  Listeners:31 - Test verifyHomePageTitle is executed Succesfully
2021-04-12 16:06:43 INFO  Listeners:31 - Test verifyWebsiteEmail is executed Succesfully
2021-04-12 16:06:48 INFO  Listeners:31 - Test clickonLogin is executed Succesfully
2021-04-12 16:07:09 INFO  Listeners:31 - Test excelLogin is executed Succesfully
2021-04-12 16:07:27 INFO  Listeners:31 - Test excelLogin is executed Succesfully
2021-04-12 16:07:44 INFO  Listeners:39 - Test verifyLoginPageTitle has failed
2021-04-12 16:12:18 INFO  Listeners:31 - Test verifyHomePageTitle is executed Succesfully
2021-04-12 16:12:20 INFO  Listeners:31 - Test verifyWebsiteEmail is executed Succesfully
2021-04-12 16:12:42 INFO  Listeners:31 - Test excelLogin is executed Succesfully
2021-04-12 16:13:02 INFO  Listeners:31 - Test excelLogin is executed Succesfully
2021-04-12 16:13:19 INFO  Listeners:39 - Test verifyLoginPageTitle has failed
